2023-12-01 16:01:41.672 +05:30 [INF] User profile is available. Using 'C:\Users\aesiv\AppData\Local\ASP.NET\DataProtection-Keys' as key repository and Windows DPAPI to encrypt keys at rest.
2023-12-01 16:01:41.988 +05:30 [INF] Creating key {e8234dd5-c86b-43d6-8032-c721a9ae9d59} with creation date 2023-12-01 10:31:41Z, activation date 2023-12-01 10:31:41Z, and expiration date 2024-02-29 10:31:41Z.
2023-12-01 16:01:42.024 +05:30 [INF] Writing data to file 'C:\Users\aesiv\AppData\Local\ASP.NET\DataProtection-Keys\key-e8234dd5-c86b-43d6-8032-c721a9ae9d59.xml'.
2023-12-01 16:01:42.183 +05:30 [INF] Now listening on: http://localhost:5049
2023-12-01 16:01:42.190 +05:30 [INF] Application started. Press Ctrl+C to shut down.
2023-12-01 16:01:42.192 +05:30 [INF] Hosting environment: Development
2023-12-01 16:01:42.192 +05:30 [INF] Content root path: C:\Users\aesiv\Desktop\mvctravel\travelmvc\Travel_Reimbursement
2023-12-01 16:02:02.928 +05:30 [INF] Request starting HTTP/1.1 GET http://localhost:5049/ - -
2023-12-01 16:02:03.030 +05:30 [WRN] Failed to determine the https port for redirect.
2023-12-01 16:02:03.235 +05:30 [INF] Executing endpoint 'Travel_Reimbursement.Controllers.HomeController.index (Travel_Reimbursement)'
2023-12-01 16:02:03.302 +05:30 [INF] Route matched with {action = "index", controller = "Home"}. Executing controller action with signature Microsoft.AspNetCore.Mvc.IActionResult index() on controller Travel_Reimbursement.Controllers.HomeController (Travel_Reimbursement).
2023-12-01 16:02:10.543 +05:30 [INF] Executing ViewResult, running view index.
2023-12-01 16:02:10.859 +05:30 [INF] Executed ViewResult - view index executed in 7529.9912ms.
2023-12-01 16:02:10.868 +05:30 [INF] Executed action Travel_Reimbursement.Controllers.HomeController.index (Travel_Reimbursement) in 7564.3298ms
2023-12-01 16:02:10.868 +05:30 [INF] Executed endpoint 'Travel_Reimbursement.Controllers.HomeController.index (Travel_Reimbursement)'
2023-12-01 16:02:10.875 +05:30 [INF] Request finished HTTP/1.1 GET http://localhost:5049/ - - - 200 - text/html;+charset=utf-8 7961.7896ms
2023-12-01 16:02:10.981 +05:30 [INF] Request starting HTTP/1.1 GET http://localhost:5049/css/site.css?v=BrSdJAYeVXXAx4QIEb-NKeaKITAqs67oGQ6rScIYF7E - -
2023-12-01 16:02:10.982 +05:30 [INF] Request starting HTTP/1.1 GET http://localhost:5049/Travel_Reimbursement.styles.css?v=6bgswUObd9leBJLMtcs9b0WyIea1IL1S0XQnd5ExHJ4 - -
2023-12-01 16:02:10.984 +05:30 [INF] Request starting HTTP/1.1 GET http://localhost:5049/lib/bootstrap/dist/css/bootstrap.min.css - -
2023-12-01 16:02:11.004 +05:30 [INF] Sending file. Request path: '/css/site.css'. Physical path: 'C:\Users\aesiv\Desktop\mvctravel\travelmvc\Travel_Reimbursement\wwwroot\css\site.css'
2023-12-01 16:02:11.004 +05:30 [INF] Request finished HTTP/1.1 GET http://localhost:5049/css/site.css?v=BrSdJAYeVXXAx4QIEb-NKeaKITAqs67oGQ6rScIYF7E - - - 200 556 text/css 23.6452ms
2023-12-01 16:02:11.006 +05:30 [INF] Sending file. Request path: '/Travel_Reimbursement.styles.css'. Physical path: 'C:\Users\aesiv\Desktop\mvctravel\travelmvc\Travel_Reimbursement\obj\Debug\net7.0\scopedcss\bundle\Travel_Reimbursement.styles.css'
2023-12-01 16:02:11.007 +05:30 [INF] Request finished HTTP/1.1 GET http://localhost:5049/Travel_Reimbursement.styles.css?v=6bgswUObd9leBJLMtcs9b0WyIea1IL1S0XQnd5ExHJ4 - - - 200 1137 text/css 24.9949ms
2023-12-01 16:02:11.065 +05:30 [INF] Sending file. Request path: '/lib/bootstrap/dist/css/bootstrap.min.css'. Physical path: 'C:\Users\aesiv\Desktop\mvctravel\travelmvc\Travel_Reimbursement\wwwroot\lib\bootstrap\dist\css\bootstrap.min.css'
2023-12-01 16:02:11.065 +05:30 [INF] Request finished HTTP/1.1 GET http://localhost:5049/lib/bootstrap/dist/css/bootstrap.min.css - - - 200 162720 text/css 81.3244ms
2023-12-01 16:02:12.064 +05:30 [INF] Request starting HTTP/1.1 GET http://localhost:5049/favicon.ico - -
2023-12-01 16:02:12.086 +05:30 [INF] Sending file. Request path: '/favicon.ico'. Physical path: 'C:\Users\aesiv\Desktop\mvctravel\travelmvc\Travel_Reimbursement\wwwroot\favicon.ico'
2023-12-01 16:02:12.086 +05:30 [INF] Request finished HTTP/1.1 GET http://localhost:5049/favicon.ico - - - 200 5430 image/x-icon 22.0186ms
2023-12-01 16:02:14.690 +05:30 [INF] Request starting HTTP/1.1 GET http://localhost:5049/Accounts/Register - -
2023-12-01 16:02:14.705 +05:30 [INF] Executing endpoint 'Travel_Reimbursement.Controllers.AccountsController.register (Travel_Reimbursement)'
2023-12-01 16:02:14.714 +05:30 [INF] Route matched with {action = "register", controller = "Accounts"}. Executing controller action with signature Microsoft.AspNetCore.Mvc.IActionResult register() on controller Travel_Reimbursement.Controllers.AccountsController (Travel_Reimbursement).
2023-12-01 16:02:15.959 +05:30 [INF] Executing ViewResult, running view register.
2023-12-01 16:02:16.237 +05:30 [INF] Executed ViewResult - view register executed in 1154.3447ms.
2023-12-01 16:02:16.238 +05:30 [INF] Executed action Travel_Reimbursement.Controllers.AccountsController.register (Travel_Reimbursement) in 1523.1306ms
2023-12-01 16:02:16.238 +05:30 [INF] Executed endpoint 'Travel_Reimbursement.Controllers.AccountsController.register (Travel_Reimbursement)'
2023-12-01 16:02:16.242 +05:30 [INF] Request finished HTTP/1.1 GET http://localhost:5049/Accounts/Register - - - 200 - text/html;+charset=utf-8 1551.6841ms
2023-12-01 16:02:16.264 +05:30 [INF] Request starting HTTP/1.1 GET http://localhost:5049/lib/jquery/dist/jqery.min.js - -
2023-12-01 16:02:16.292 +05:30 [INF] Request finished HTTP/1.1 GET http://localhost:5049/lib/jquery/dist/jqery.min.js - - - 302 0 - 27.3113ms
2023-12-01 16:02:16.321 +05:30 [INF] Request starting HTTP/1.1 GET http://localhost:5049/Error/404 - -
2023-12-01 16:02:16.322 +05:30 [INF] Executing endpoint 'Travel_Reimbursement.Controllers.ErrorController.httpStatusCodeHandler (Travel_Reimbursement)'
2023-12-01 16:02:16.393 +05:30 [INF] Route matched with {action = "httpStatusCodeHandler", controller = "Error"}. Executing controller action with signature Microsoft.AspNetCore.Mvc.ActionResult httpStatusCodeHandler(Int32) on controller Travel_Reimbursement.Controllers.ErrorController (Travel_Reimbursement).
2023-12-01 16:02:16.785 +05:30 [INF] Executing ViewResult, running view NotFound.
2023-12-01 16:02:16.811 +05:30 [INF] Executed ViewResult - view NotFound executed in 383.9558ms.
2023-12-01 16:02:16.811 +05:30 [INF] Executed action Travel_Reimbursement.Controllers.ErrorController.httpStatusCodeHandler (Travel_Reimbursement) in 417.6184ms
2023-12-01 16:02:16.811 +05:30 [INF] Executed endpoint 'Travel_Reimbursement.Controllers.ErrorController.httpStatusCodeHandler (Travel_Reimbursement)'
2023-12-01 16:02:16.812 +05:30 [INF] Request finished HTTP/1.1 GET http://localhost:5049/Error/404 - - - 200 - text/html;+charset=utf-8 490.6823ms
2023-12-01 16:02:53.062 +05:30 [INF] Request starting HTTP/1.1 POST http://localhost:5049/Accounts/Register application/x-www-form-urlencoded 87
2023-12-01 16:02:53.071 +05:30 [INF] Executing endpoint 'Travel_Reimbursement.Controllers.AccountsController.register (Travel_Reimbursement)'
2023-12-01 16:02:53.088 +05:30 [INF] Route matched with {action = "register", controller = "Accounts"}. Executing controller action with signature System.Threading.Tasks.Task`1[Microsoft.AspNetCore.Mvc.IActionResult] register(Travel_Reimbursement.Models.RegisterModel) on controller Travel_Reimbursement.Controllers.AccountsController (Travel_Reimbursement).
2023-12-01 16:02:54.971 +05:30 [INF] Entity Framework Core 6.0.11 initialized 'Travel_ReimbursementDbContext' using provider 'Microsoft.EntityFrameworkCore.SqlServer:6.0.11' with options: None
2023-12-01 16:02:58.352 +05:30 [INF] Executed DbCommand (668ms) [Parameters=[@__normalizedUserName_0='?' (Size = 256)], CommandType='"Text"', CommandTimeout='30']
SELECT TOP(1) [a].[Id], [a].[AccessFailedCount], [a].[ConcurrencyStamp], [a].[Email], [a].[EmailConfirmed], [a].[LockoutEnabled], [a].[LockoutEnd], [a].[Name], [a].[NormalizedEmail], [a].[NormalizedUserName], [a].[PasswordHash], [a].[PhoneNumber], [a].[PhoneNumberConfirmed], [a].[SecurityStamp], [a].[TwoFactorEnabled], [a].[UserName]
FROM [AspNetUsers] AS [a]
WHERE [a].[NormalizedUserName] = @__normalizedUserName_0
2023-12-01 16:02:58.999 +05:30 [INF] Executed DbCommand (171ms) [Parameters=[@p0='?' (Size = 450), @p1='?' (DbType = Int32), @p2='?' (Size = 4000), @p3='?' (Size = 256), @p4='?' (DbType = Boolean), @p5='?' (DbType = Boolean), @p6='?' (DbType = DateTimeOffset), @p7='?' (Size = 100), @p8='?' (Size = 256), @p9='?' (Size = 256), @p10='?' (Size = 4000), @p11='?' (Size = 4000), @p12='?' (DbType = Boolean), @p13='?' (Size = 4000), @p14='?' (DbType = Boolean), @p15='?' (Size = 256)], CommandType='"Text"', CommandTimeout='30']
SET NOCOUNT ON;
INSERT INTO [AspNetUsers] ([Id], [AccessFailedCount], [ConcurrencyStamp], [Email], [EmailConfirmed], [LockoutEnabled], [LockoutEnd], [Name], [NormalizedEmail], [NormalizedUserName], [PasswordHash], [PhoneNumber], [PhoneNumberConfirmed], [SecurityStamp], [TwoFactorEnabled], [UserName])
VALUES (@p0, @p1, @p2, @p3, @p4, @p5, @p6, @p7, @p8, @p9, @p10, @p11, @p12, @p13, @p14, @p15);
2023-12-01 16:02:59.487 +05:30 [INF] Executed DbCommand (16ms) [Parameters=[@__user_Id_0='?' (Size = 450)], CommandType='"Text"', CommandTimeout='30']
SELECT [a].[Id], [a].[ClaimType], [a].[ClaimValue], [a].[UserId]
FROM [AspNetUserClaims] AS [a]
WHERE [a].[UserId] = @__user_Id_0
2023-12-01 16:02:59.621 +05:30 [INF] Executed DbCommand (46ms) [Parameters=[@__userId_0='?' (Size = 450)], CommandType='"Text"', CommandTimeout='30']
SELECT [a0].[Name]
FROM [AspNetUserRoles] AS [a]
INNER JOIN [AspNetRoles] AS [a0] ON [a].[RoleId] = [a0].[Id]
WHERE [a].[UserId] = @__userId_0
2023-12-01 16:02:59.645 +05:30 [INF] AuthenticationScheme: Identity.Application signed in.
2023-12-01 16:02:59.675 +05:30 [INF] Executing RedirectResult, redirecting to /.
2023-12-01 16:02:59.678 +05:30 [INF] Executed action Travel_Reimbursement.Controllers.AccountsController.register (Travel_Reimbursement) in 6590.1728ms
2023-12-01 16:02:59.680 +05:30 [INF] Executed endpoint 'Travel_Reimbursement.Controllers.AccountsController.register (Travel_Reimbursement)'
2023-12-01 16:02:59.700 +05:30 [INF] Request finished HTTP/1.1 POST http://localhost:5049/Accounts/Register application/x-www-form-urlencoded 87 - 302 0 - 6638.3750ms
2023-12-01 16:02:59.720 +05:30 [INF] Request starting HTTP/1.1 GET http://localhost:5049/ - -
2023-12-01 16:02:59.746 +05:30 [INF] Executing endpoint 'Travel_Reimbursement.Controllers.HomeController.index (Travel_Reimbursement)'
2023-12-01 16:02:59.746 +05:30 [INF] Route matched with {action = "index", controller = "Home"}. Executing controller action with signature Microsoft.AspNetCore.Mvc.IActionResult index() on controller Travel_Reimbursement.Controllers.HomeController (Travel_Reimbursement).
2023-12-01 16:02:59.756 +05:30 [INF] Executing ViewResult, running view index.
2023-12-01 16:02:59.760 +05:30 [INF] Executed ViewResult - view index executed in 7.0523ms.
2023-12-01 16:02:59.761 +05:30 [INF] Executed action Travel_Reimbursement.Controllers.HomeController.index (Travel_Reimbursement) in 14.156ms
2023-12-01 16:02:59.761 +05:30 [INF] Executed endpoint 'Travel_Reimbursement.Controllers.HomeController.index (Travel_Reimbursement)'
2023-12-01 16:02:59.761 +05:30 [INF] Request finished HTTP/1.1 GET http://localhost:5049/ - - - 200 - text/html;+charset=utf-8 41.3520ms
2023-12-01 16:03:03.344 +05:30 [INF] Request starting HTTP/1.1 GET http://localhost:5049/Accounts/Register - -
2023-12-01 16:03:03.348 +05:30 [INF] Executing endpoint 'Travel_Reimbursement.Controllers.AccountsController.register (Travel_Reimbursement)'
2023-12-01 16:03:03.349 +05:30 [INF] Route matched with {action = "register", controller = "Accounts"}. Executing controller action with signature Microsoft.AspNetCore.Mvc.IActionResult register() on controller Travel_Reimbursement.Controllers.AccountsController (Travel_Reimbursement).
2023-12-01 16:03:03.355 +05:30 [INF] Executing ViewResult, running view register.
2023-12-01 16:03:03.366 +05:30 [INF] Executed ViewResult - view register executed in 11.0586ms.
2023-12-01 16:03:03.367 +05:30 [INF] Executed action Travel_Reimbursement.Controllers.AccountsController.register (Travel_Reimbursement) in 18.3993ms
2023-12-01 16:03:03.367 +05:30 [INF] Executed endpoint 'Travel_Reimbursement.Controllers.AccountsController.register (Travel_Reimbursement)'
2023-12-01 16:03:03.367 +05:30 [INF] Request finished HTTP/1.1 GET http://localhost:5049/Accounts/Register - - - 200 - text/html;+charset=utf-8 23.7663ms
2023-12-01 16:03:03.410 +05:30 [INF] Request starting HTTP/1.1 GET http://localhost:5049/lib/jquery/dist/jqery.min.js - -
2023-12-01 16:03:03.462 +05:30 [INF] Request finished HTTP/1.1 GET http://localhost:5049/lib/jquery/dist/jqery.min.js - - - 302 0 - 51.3432ms
2023-12-01 16:03:03.470 +05:30 [INF] Request starting HTTP/1.1 GET http://localhost:5049/Error/404 - -
2023-12-01 16:03:03.472 +05:30 [INF] Executing endpoint 'Travel_Reimbursement.Controllers.ErrorController.httpStatusCodeHandler (Travel_Reimbursement)'
2023-12-01 16:03:03.473 +05:30 [INF] Route matched with {action = "httpStatusCodeHandler", controller = "Error"}. Executing controller action with signature Microsoft.AspNetCore.Mvc.ActionResult httpStatusCodeHandler(Int32) on controller Travel_Reimbursement.Controllers.ErrorController (Travel_Reimbursement).
2023-12-01 16:03:03.475 +05:30 [INF] Executing ViewResult, running view NotFound.
2023-12-01 16:03:03.478 +05:30 [INF] Executed ViewResult - view NotFound executed in 3.1958ms.
2023-12-01 16:03:03.490 +05:30 [INF] Executed action Travel_Reimbursement.Controllers.ErrorController.httpStatusCodeHandler (Travel_Reimbursement) in 17.4084ms
2023-12-01 16:03:03.490 +05:30 [INF] Executed endpoint 'Travel_Reimbursement.Controllers.ErrorController.httpStatusCodeHandler (Travel_Reimbursement)'
2023-12-01 16:03:03.491 +05:30 [INF] Request finished HTTP/1.1 GET http://localhost:5049/Error/404 - - - 200 - text/html;+charset=utf-8 20.6742ms
2023-12-01 16:03:16.252 +05:30 [INF] Request starting HTTP/1.1 POST http://localhost:5049/Accounts/Register application/x-www-form-urlencoded 72
2023-12-01 16:03:16.254 +05:30 [INF] Executing endpoint 'Travel_Reimbursement.Controllers.AccountsController.register (Travel_Reimbursement)'
2023-12-01 16:03:16.254 +05:30 [INF] Route matched with {action = "register", controller = "Accounts"}. Executing controller action with signature System.Threading.Tasks.Task`1[Microsoft.AspNetCore.Mvc.IActionResult] register(Travel_Reimbursement.Models.RegisterModel) on controller Travel_Reimbursement.Controllers.AccountsController (Travel_Reimbursement).
2023-12-01 16:03:16.280 +05:30 [INF] Executing ViewResult, running view register.
2023-12-01 16:03:16.300 +05:30 [INF] Executed ViewResult - view register executed in 19.778ms.
2023-12-01 16:03:16.302 +05:30 [INF] Executed action Travel_Reimbursement.Controllers.AccountsController.register (Travel_Reimbursement) in 47.498ms
2023-12-01 16:03:16.303 +05:30 [INF] Executed endpoint 'Travel_Reimbursement.Controllers.AccountsController.register (Travel_Reimbursement)'
2023-12-01 16:03:16.304 +05:30 [INF] Request finished HTTP/1.1 POST http://localhost:5049/Accounts/Register application/x-www-form-urlencoded 72 - 200 - text/html;+charset=utf-8 51.6612ms
2023-12-01 16:03:16.357 +05:30 [INF] Request starting HTTP/1.1 GET http://localhost:5049/lib/jquery/dist/jqery.min.js - -
2023-12-01 16:03:16.358 +05:30 [INF] Request finished HTTP/1.1 GET http://localhost:5049/lib/jquery/dist/jqery.min.js - - - 302 0 - 1.0164ms
2023-12-01 16:03:16.360 +05:30 [INF] Request starting HTTP/1.1 GET http://localhost:5049/Error/404 - -
2023-12-01 16:03:16.377 +05:30 [INF] Executing endpoint 'Travel_Reimbursement.Controllers.ErrorController.httpStatusCodeHandler (Travel_Reimbursement)'
2023-12-01 16:03:16.377 +05:30 [INF] Route matched with {action = "httpStatusCodeHandler", controller = "Error"}. Executing controller action with signature Microsoft.AspNetCore.Mvc.ActionResult httpStatusCodeHandler(Int32) on controller Travel_Reimbursement.Controllers.ErrorController (Travel_Reimbursement).
2023-12-01 16:03:16.384 +05:30 [INF] Executing ViewResult, running view NotFound.
2023-12-01 16:03:16.385 +05:30 [INF] Executed ViewResult - view NotFound executed in 1.5019ms.
2023-12-01 16:03:16.386 +05:30 [INF] Executed action Travel_Reimbursement.Controllers.ErrorController.httpStatusCodeHandler (Travel_Reimbursement) in 8.4754ms
2023-12-01 16:03:16.386 +05:30 [INF] Executed endpoint 'Travel_Reimbursement.Controllers.ErrorController.httpStatusCodeHandler (Travel_Reimbursement)'
2023-12-01 16:03:16.387 +05:30 [INF] Request finished HTTP/1.1 GET http://localhost:5049/Error/404 - - - 200 - text/html;+charset=utf-8 26.4696ms
2023-12-01 16:03:24.640 +05:30 [INF] Request starting HTTP/1.1 POST http://localhost:5049/Accounts/Register application/x-www-form-urlencoded 79
2023-12-01 16:03:24.642 +05:30 [INF] Executing endpoint 'Travel_Reimbursement.Controllers.AccountsController.register (Travel_Reimbursement)'
2023-12-01 16:03:24.642 +05:30 [INF] Route matched with {action = "register", controller = "Accounts"}. Executing controller action with signature System.Threading.Tasks.Task`1[Microsoft.AspNetCore.Mvc.IActionResult] register(Travel_Reimbursement.Models.RegisterModel) on controller Travel_Reimbursement.Controllers.AccountsController (Travel_Reimbursement).
2023-12-01 16:03:24.645 +05:30 [INF] Executing ViewResult, running view register.
2023-12-01 16:03:24.647 +05:30 [INF] Executed ViewResult - view register executed in 2.2438ms.
2023-12-01 16:03:24.647 +05:30 [INF] Executed action Travel_Reimbursement.Controllers.AccountsController.register (Travel_Reimbursement) in 5.2589ms
2023-12-01 16:03:24.648 +05:30 [INF] Executed endpoint 'Travel_Reimbursement.Controllers.AccountsController.register (Travel_Reimbursement)'
2023-12-01 16:03:24.648 +05:30 [INF] Request finished HTTP/1.1 POST http://localhost:5049/Accounts/Register application/x-www-form-urlencoded 79 - 200 - text/html;+charset=utf-8 7.8141ms
2023-12-01 16:03:24.712 +05:30 [INF] Request starting HTTP/1.1 GET http://localhost:5049/lib/jquery/dist/jqery.min.js - -
2023-12-01 16:03:24.713 +05:30 [INF] Request finished HTTP/1.1 GET http://localhost:5049/lib/jquery/dist/jqery.min.js - - - 302 0 - 1.4279ms
2023-12-01 16:03:24.728 +05:30 [INF] Request starting HTTP/1.1 GET http://localhost:5049/Error/404 - -
2023-12-01 16:03:24.731 +05:30 [INF] Executing endpoint 'Travel_Reimbursement.Controllers.ErrorController.httpStatusCodeHandler (Travel_Reimbursement)'
2023-12-01 16:03:24.731 +05:30 [INF] Route matched with {action = "httpStatusCodeHandler", controller = "Error"}. Executing controller action with signature Microsoft.AspNetCore.Mvc.ActionResult httpStatusCodeHandler(Int32) on controller Travel_Reimbursement.Controllers.ErrorController (Travel_Reimbursement).
2023-12-01 16:03:24.743 +05:30 [INF] Executing ViewResult, running view NotFound.
2023-12-01 16:03:24.744 +05:30 [INF] Executed ViewResult - view NotFound executed in 1.1374ms.
2023-12-01 16:03:24.744 +05:30 [INF] Executed action Travel_Reimbursement.Controllers.ErrorController.httpStatusCodeHandler (Travel_Reimbursement) in 12.9742ms
2023-12-01 16:03:24.745 +05:30 [INF] Executed endpoint 'Travel_Reimbursement.Controllers.ErrorController.httpStatusCodeHandler (Travel_Reimbursement)'
2023-12-01 16:03:24.745 +05:30 [INF] Request finished HTTP/1.1 GET http://localhost:5049/Error/404 - - - 200 - text/html;+charset=utf-8 16.8735ms
2023-12-01 16:03:27.014 +05:30 [INF] Request starting HTTP/1.1 GET http://localhost:5049/Accounts/Login - -
2023-12-01 16:03:27.017 +05:30 [INF] Executing endpoint 'Travel_Reimbursement.Controllers.AccountsController.login (Travel_Reimbursement)'
2023-12-01 16:03:27.022 +05:30 [INF] Route matched with {action = "login", controller = "Accounts"}. Executing controller action with signature Microsoft.AspNetCore.Mvc.IActionResult login() on controller Travel_Reimbursement.Controllers.AccountsController (Travel_Reimbursement).
2023-12-01 16:03:28.330 +05:30 [INF] Executing ViewResult, running view login.
2023-12-01 16:03:28.389 +05:30 [INF] Executed ViewResult - view login executed in 1360.3327ms.
2023-12-01 16:03:28.389 +05:30 [INF] Executed action Travel_Reimbursement.Controllers.AccountsController.login (Travel_Reimbursement) in 1367.4816ms
2023-12-01 16:03:28.389 +05:30 [INF] Executed endpoint 'Travel_Reimbursement.Controllers.AccountsController.login (Travel_Reimbursement)'
2023-12-01 16:03:28.390 +05:30 [INF] Request finished HTTP/1.1 GET http://localhost:5049/Accounts/Login - - - 200 - text/html;+charset=utf-8 1375.1647ms
2023-12-01 16:03:28.417 +05:30 [INF] Request starting HTTP/1.1 GET http://localhost:5049/lib/jquery/dist/jqery.min.js - -
2023-12-01 16:03:28.418 +05:30 [INF] Request finished HTTP/1.1 GET http://localhost:5049/lib/jquery/dist/jqery.min.js - - - 302 0 - 1.3868ms
2023-12-01 16:03:28.423 +05:30 [INF] Request starting HTTP/1.1 GET http://localhost:5049/Error/404 - -
2023-12-01 16:03:28.424 +05:30 [INF] Executing endpoint 'Travel_Reimbursement.Controllers.ErrorController.httpStatusCodeHandler (Travel_Reimbursement)'
2023-12-01 16:03:28.424 +05:30 [INF] Route matched with {action = "httpStatusCodeHandler", controller = "Error"}. Executing controller action with signature Microsoft.AspNetCore.Mvc.ActionResult httpStatusCodeHandler(Int32) on controller Travel_Reimbursement.Controllers.ErrorController (Travel_Reimbursement).
2023-12-01 16:03:28.425 +05:30 [INF] Executing ViewResult, running view NotFound.
2023-12-01 16:03:28.426 +05:30 [INF] Executed ViewResult - view NotFound executed in 0.9349ms.
2023-12-01 16:03:28.426 +05:30 [INF] Executed action Travel_Reimbursement.Controllers.ErrorController.httpStatusCodeHandler (Travel_Reimbursement) in 1.9779ms
2023-12-01 16:03:28.426 +05:30 [INF] Executed endpoint 'Travel_Reimbursement.Controllers.ErrorController.httpStatusCodeHandler (Travel_Reimbursement)'
2023-12-01 16:03:28.427 +05:30 [INF] Request finished HTTP/1.1 GET http://localhost:5049/Error/404 - - - 200 - text/html;+charset=utf-8 3.8998ms
2023-12-01 16:03:41.947 +05:30 [INF] Request starting HTTP/1.1 POST http://localhost:5049/Accounts/Login application/x-www-form-urlencoded 272
2023-12-01 16:03:41.949 +05:30 [INF] Executing endpoint 'Travel_Reimbursement.Controllers.AccountsController.login (Travel_Reimbursement)'
2023-12-01 16:03:41.973 +05:30 [INF] Route matched with {action = "login", controller = "Accounts"}. Executing controller action with signature System.Threading.Tasks.Task`1[Microsoft.AspNetCore.Mvc.IActionResult] login(Travel_Reimbursement.Models.LoginModel, System.String) on controller Travel_Reimbursement.Controllers.AccountsController (Travel_Reimbursement).
2023-12-01 16:03:42.173 +05:30 [INF] Entity Framework Core 6.0.11 initialized 'Travel_ReimbursementDbContext' using provider 'Microsoft.EntityFrameworkCore.SqlServer:6.0.11' with options: None
2023-12-01 16:03:42.203 +05:30 [INF] Executed DbCommand (19ms) [Parameters=[@__normalizedUserName_0='?' (Size = 256)], CommandType='"Text"', CommandTimeout='30']
SELECT TOP(1) [a].[Id], [a].[AccessFailedCount], [a].[ConcurrencyStamp], [a].[Email], [a].[EmailConfirmed], [a].[LockoutEnabled], [a].[LockoutEnd], [a].[Name], [a].[NormalizedEmail], [a].[NormalizedUserName], [a].[PasswordHash], [a].[PhoneNumber], [a].[PhoneNumberConfirmed], [a].[SecurityStamp], [a].[TwoFactorEnabled], [a].[UserName]
FROM [AspNetUsers] AS [a]
WHERE [a].[NormalizedUserName] = @__normalizedUserName_0
2023-12-01 16:03:42.505 +05:30 [INF] Executed DbCommand (5ms) [Parameters=[@__user_Id_0='?' (Size = 450)], CommandType='"Text"', CommandTimeout='30']
SELECT [a].[Id], [a].[ClaimType], [a].[ClaimValue], [a].[UserId]
FROM [AspNetUserClaims] AS [a]
WHERE [a].[UserId] = @__user_Id_0
2023-12-01 16:03:42.521 +05:30 [INF] Executed DbCommand (13ms) [Parameters=[@__userId_0='?' (Size = 450)], CommandType='"Text"', CommandTimeout='30']
SELECT [a0].[Name]
FROM [AspNetUserRoles] AS [a]
INNER JOIN [AspNetRoles] AS [a0] ON [a].[RoleId] = [a0].[Id]
WHERE [a].[UserId] = @__userId_0
2023-12-01 16:03:42.525 +05:30 [INF] AuthenticationScheme: Identity.Application signed in.
2023-12-01 16:03:42.528 +05:30 [INF] Executing RedirectResult, redirecting to /Details.
2023-12-01 16:03:42.535 +05:30 [INF] Executed action Travel_Reimbursement.Controllers.AccountsController.login (Travel_Reimbursement) in 561.5023ms
2023-12-01 16:03:42.535 +05:30 [INF] Executed endpoint 'Travel_Reimbursement.Controllers.AccountsController.login (Travel_Reimbursement)'
2023-12-01 16:03:42.536 +05:30 [INF] Request finished HTTP/1.1 POST http://localhost:5049/Accounts/Login application/x-www-form-urlencoded 272 - 302 0 - 589.1258ms
2023-12-01 16:03:42.544 +05:30 [INF] Request starting HTTP/1.1 GET http://localhost:5049/Details - -
2023-12-01 16:03:42.571 +05:30 [INF] Executing endpoint 'Travel_Reimbursement.Controllers.DetailsController.index (Travel_Reimbursement)'
2023-12-01 16:03:42.584 +05:30 [INF] Route matched with {action = "index", controller = "Details"}. Executing controller action with signature System.Threading.Tasks.Task`1[Microsoft.AspNetCore.Mvc.IActionResult] index() on controller Travel_Reimbursement.Controllers.DetailsController (Travel_Reimbursement).
2023-12-01 16:03:42.628 +05:30 [INF] Entity Framework Core 6.0.11 initialized 'Travel_ReimbursementDbContext' using provider 'Microsoft.EntityFrameworkCore.SqlServer:6.0.11' with options: None
2023-12-01 16:03:42.680 +05:30 [INF] Executed DbCommand (23ms) [Parameters=[], CommandType='"Text"', CommandTimeout='30']
SELECT [t].[Id], [t].[Advanceamount], [t].[Amount], [t].[Clientname], [t].[Country], [t].[Currency], [t].[Date], [t].[Department], [t].[Detailsofexpense], [t].[Eligible], [t].[EmployeeEmail], [t].[ExpiryDate], [t].[Fromdate], [t].[Issue], [t].[Mode], [t].[NoofDays], [t].[PAN], [t].[Particularofexpenses], [t].[Passportnumber], [t].[Perdiem], [t].[Place], [t].[Project], [t].[Remarks], [t].[Todate], [t].[Totalamount], [t].[Totalperdiem], [t].[TravelId]
FROM [Traveltable] AS [t]
2023-12-01 16:03:43.540 +05:30 [INF] Executing ViewResult, running view index.
2023-12-01 16:03:43.602 +05:30 [INF] Executed ViewResult - view index executed in 713.984ms.
2023-12-01 16:03:43.602 +05:30 [INF] Executed action Travel_Reimbursement.Controllers.DetailsController.index (Travel_Reimbursement) in 1018.2546ms
2023-12-01 16:03:43.603 +05:30 [INF] Executed endpoint 'Travel_Reimbursement.Controllers.DetailsController.index (Travel_Reimbursement)'
2023-12-01 16:03:43.604 +05:30 [INF] Request finished HTTP/1.1 GET http://localhost:5049/Details - - - 200 - text/html;+charset=utf-8 1059.4487ms
2023-12-01 16:03:47.335 +05:30 [INF] Request starting HTTP/1.1 GET http://localhost:5049/Details/Create - -
2023-12-01 16:03:47.339 +05:30 [INF] Executing endpoint 'Travel_Reimbursement.Controllers.DetailsController.create (Travel_Reimbursement)'
2023-12-01 16:03:47.341 +05:30 [INF] Route matched with {action = "create", controller = "Details"}. Executing controller action with signature Microsoft.AspNetCore.Mvc.IActionResult create() on controller Travel_Reimbursement.Controllers.DetailsController (Travel_Reimbursement).
2023-12-01 16:03:48.286 +05:30 [INF] Executing ViewResult, running view create.
2023-12-01 16:03:48.487 +05:30 [INF] Executed ViewResult - view create executed in 1141.2281ms.
2023-12-01 16:03:48.487 +05:30 [INF] Executed action Travel_Reimbursement.Controllers.DetailsController.create (Travel_Reimbursement) in 1145.4771ms
2023-12-01 16:03:48.487 +05:30 [INF] Executed endpoint 'Travel_Reimbursement.Controllers.DetailsController.create (Travel_Reimbursement)'
2023-12-01 16:03:48.487 +05:30 [INF] Request finished HTTP/1.1 GET http://localhost:5049/Details/Create - - - 200 - text/html;+charset=utf-8 1152.1245ms
2023-12-01 16:03:48.506 +05:30 [INF] Request starting HTTP/1.1 GET http://localhost:5049/Details/styles.css - -
2023-12-01 16:03:48.536 +05:30 [INF] Request finished HTTP/1.1 GET http://localhost:5049/Details/styles.css - - - 302 0 - 30.3412ms
2023-12-01 16:03:48.546 +05:30 [INF] Request starting HTTP/1.1 GET http://localhost:5049/Error/404 - -
2023-12-01 16:03:48.549 +05:30 [INF] Executing endpoint 'Travel_Reimbursement.Controllers.ErrorController.httpStatusCodeHandler (Travel_Reimbursement)'
2023-12-01 16:03:48.549 +05:30 [INF] Route matched with {action = "httpStatusCodeHandler", controller = "Error"}. Executing controller action with signature Microsoft.AspNetCore.Mvc.ActionResult httpStatusCodeHandler(Int32) on controller Travel_Reimbursement.Controllers.ErrorController (Travel_Reimbursement).
2023-12-01 16:03:48.551 +05:30 [INF] Executing ViewResult, running view NotFound.
2023-12-01 16:03:48.551 +05:30 [INF] Executed ViewResult - view NotFound executed in 0.4637ms.
2023-12-01 16:03:48.551 +05:30 [INF] Executed action Travel_Reimbursement.Controllers.ErrorController.httpStatusCodeHandler (Travel_Reimbursement) in 1.6946ms
2023-12-01 16:03:48.551 +05:30 [INF] Executed endpoint 'Travel_Reimbursement.Controllers.ErrorController.httpStatusCodeHandler (Travel_Reimbursement)'
2023-12-01 16:03:48.551 +05:30 [INF] Request finished HTTP/1.1 GET http://localhost:5049/Error/404 - - - 200 - text/html;+charset=utf-8 5.5843ms
2023-12-01 16:03:56.030 +05:30 [INF] Request starting HTTP/1.1 GET http://localhost:5049/Details/View/1 - -
2023-12-01 16:03:56.031 +05:30 [INF] Executing endpoint 'Travel_Reimbursement.Controllers.DetailsController.view (Travel_Reimbursement)'
2023-12-01 16:03:56.046 +05:30 [INF] Route matched with {action = "view", controller = "Details"}. Executing controller action with signature System.Threading.Tasks.Task`1[Microsoft.AspNetCore.Mvc.IActionResult] view(Int32) on controller Travel_Reimbursement.Controllers.DetailsController (Travel_Reimbursement).
2023-12-01 16:03:56.066 +05:30 [INF] Entity Framework Core 6.0.11 initialized 'Travel_ReimbursementDbContext' using provider 'Microsoft.EntityFrameworkCore.SqlServer:6.0.11' with options: None
2023-12-01 16:03:56.574 +05:30 [INF] Executed DbCommand (483ms) [Parameters=[@__id_0='?' (DbType = Int32)], CommandType='"Text"', CommandTimeout='30']
SELECT TOP(1) [t].[Id], [t].[Advanceamount], [t].[Amount], [t].[Clientname], [t].[Country], [t].[Currency], [t].[Date], [t].[Department], [t].[Detailsofexpense], [t].[Eligible], [t].[EmployeeEmail], [t].[ExpiryDate], [t].[Fromdate], [t].[Issue], [t].[Mode], [t].[NoofDays], [t].[PAN], [t].[Particularofexpenses], [t].[Passportnumber], [t].[Perdiem], [t].[Place], [t].[Project], [t].[Remarks], [t].[Todate], [t].[Totalamount], [t].[Totalperdiem], [t].[TravelId]
FROM [Traveltable] AS [t]
WHERE [t].[Id] = @__id_0
2023-12-01 16:03:58.784 +05:30 [INF] Executing ViewResult, running view View.
2023-12-01 16:03:59.089 +05:30 [INF] Executed ViewResult - view View executed in 2464.1617ms.
2023-12-01 16:03:59.090 +05:30 [INF] Executed action Travel_Reimbursement.Controllers.DetailsController.view (Travel_Reimbursement) in 3043.1963ms
2023-12-01 16:03:59.090 +05:30 [INF] Executed endpoint 'Travel_Reimbursement.Controllers.DetailsController.view (Travel_Reimbursement)'
2023-12-01 16:03:59.094 +05:30 [INF] Request finished HTTP/1.1 GET http://localhost:5049/Details/View/1 - - - 200 - text/html;+charset=utf-8 3063.4063ms
2023-12-01 16:03:59.122 +05:30 [INF] Request starting HTTP/1.1 GET http://localhost:5049/Details/View/styles.css - -
2023-12-01 16:03:59.129 +05:30 [INF] Executing endpoint 'Travel_Reimbursement.Controllers.DetailsController.view (Travel_Reimbursement)'
2023-12-01 16:03:59.130 +05:30 [INF] Route matched with {action = "view", controller = "Details"}. Executing controller action with signature System.Threading.Tasks.Task`1[Microsoft.AspNetCore.Mvc.IActionResult] view(Int32) on controller Travel_Reimbursement.Controllers.DetailsController (Travel_Reimbursement).
2023-12-01 16:03:59.167 +05:30 [INF] Entity Framework Core 6.0.11 initialized 'Travel_ReimbursementDbContext' using provider 'Microsoft.EntityFrameworkCore.SqlServer:6.0.11' with options: None
2023-12-01 16:03:59.247 +05:30 [INF] Executed DbCommand (39ms) [Parameters=[@__id_0='?' (DbType = Int32)], CommandType='"Text"', CommandTimeout='30']
SELECT TOP(1) [t].[Id], [t].[Advanceamount], [t].[Amount], [t].[Clientname], [t].[Country], [t].[Currency], [t].[Date], [t].[Department], [t].[Detailsofexpense], [t].[Eligible], [t].[EmployeeEmail], [t].[ExpiryDate], [t].[Fromdate], [t].[Issue], [t].[Mode], [t].[NoofDays], [t].[PAN], [t].[Particularofexpenses], [t].[Passportnumber], [t].[Perdiem], [t].[Place], [t].[Project], [t].[Remarks], [t].[Todate], [t].[Totalamount], [t].[Totalperdiem], [t].[TravelId]
FROM [Traveltable] AS [t]
WHERE [t].[Id] = @__id_0
2023-12-01 16:03:59.262 +05:30 [INF] Executing RedirectResult, redirecting to /Details.
2023-12-01 16:03:59.263 +05:30 [INF] Executed action Travel_Reimbursement.Controllers.DetailsController.view (Travel_Reimbursement) in 133.0876ms
2023-12-01 16:03:59.263 +05:30 [INF] Executed endpoint 'Travel_Reimbursement.Controllers.DetailsController.view (Travel_Reimbursement)'
2023-12-01 16:03:59.264 +05:30 [INF] Request finished HTTP/1.1 GET http://localhost:5049/Details/View/styles.css - - - 302 0 - 141.1014ms
2023-12-01 16:03:59.285 +05:30 [INF] Request starting HTTP/1.1 GET http://localhost:5049/Details - -
2023-12-01 16:03:59.308 +05:30 [INF] Executing endpoint 'Travel_Reimbursement.Controllers.DetailsController.index (Travel_Reimbursement)'
2023-12-01 16:03:59.308 +05:30 [INF] Route matched with {action = "index", controller = "Details"}. Executing controller action with signature System.Threading.Tasks.Task`1[Microsoft.AspNetCore.Mvc.IActionResult] index() on controller Travel_Reimbursement.Controllers.DetailsController (Travel_Reimbursement).
2023-12-01 16:03:59.340 +05:30 [INF] Entity Framework Core 6.0.11 initialized 'Travel_ReimbursementDbContext' using provider 'Microsoft.EntityFrameworkCore.SqlServer:6.0.11' with options: None
2023-12-01 16:03:59.526 +05:30 [INF] Executed DbCommand (186ms) [Parameters=[], CommandType='"Text"', CommandTimeout='30']
SELECT [t].[Id], [t].[Advanceamount], [t].[Amount], [t].[Clientname], [t].[Country], [t].[Currency], [t].[Date], [t].[Department], [t].[Detailsofexpense], [t].[Eligible], [t].[EmployeeEmail], [t].[ExpiryDate], [t].[Fromdate], [t].[Issue], [t].[Mode], [t].[NoofDays], [t].[PAN], [t].[Particularofexpenses], [t].[Passportnumber], [t].[Perdiem], [t].[Place], [t].[Project], [t].[Remarks], [t].[Todate], [t].[Totalamount], [t].[Totalperdiem], [t].[TravelId]
FROM [Traveltable] AS [t]
2023-12-01 16:03:59.530 +05:30 [INF] Executing ViewResult, running view index.
2023-12-01 16:03:59.536 +05:30 [INF] Executed ViewResult - view index executed in 6.6764ms.
2023-12-01 16:03:59.536 +05:30 [INF] Executed action Travel_Reimbursement.Controllers.DetailsController.index (Travel_Reimbursement) in 228.1838ms
2023-12-01 16:03:59.537 +05:30 [INF] Executed endpoint 'Travel_Reimbursement.Controllers.DetailsController.index (Travel_Reimbursement)'
2023-12-01 16:03:59.538 +05:30 [INF] Request finished HTTP/1.1 GET http://localhost:5049/Details - - - 200 - text/html;+charset=utf-8 252.5319ms
2023-12-01 16:15:27.130 +05:30 [INF] Application is shutting down...
